2025-11-24 06:14:03,665 INFO [ex]                 Book.java:562  | 1 sheet in /Users/jieunkim/Desktop/proj/backend/ex.png
2025-11-24 06:14:03,735 INFO []                 Book.java:2531 | Stored /book.xml
2025-11-24 06:14:03,735 INFO []                 Book.java:2491 | Book stored as ./ex.omr
2025-11-24 06:14:03,739 INFO []                 Book.java:1933 | Book reaching PAGE on sheets:[#1]
2025-11-24 06:14:03,740 INFO [ex]       StepMonitoring.java:98   | LOAD
2025-11-24 06:14:03,813 INFO [ex]            SheetStub.java:1273 | Loaded image #1 1368x1388 from /Users/jieunkim/Desktop/proj/backend/ex.png
2025-11-24 06:14:03,814 INFO [ex]            ImageUtil.java:206  | Discarding alpha band ...
2025-11-24 06:14:03,901 INFO [ex]            ImageUtil.java:124  | Converting max RGB to gray
2025-11-24 06:14:03,961 INFO [ex]       StepMonitoring.java:98   | BINARY
2025-11-24 06:14:04,075 INFO [ex]       StepMonitoring.java:98   | SCALE
2025-11-24 06:14:04,090 WARN [ex]            SheetStub.java:412  | ex   With a too low interline value of 10 pixels,  either this sheet contains no multi-line staves,  or the picture resolution is too low (try 300 DPI).   This interline value is NOT RELIABLE!
2025-11-24 06:14:04,091 INFO [ex]                 Book.java:545  | Created scores: []
2025-11-24 06:14:04,091 INFO [ex]            SheetStub.java:1191 | Sheet ex flagged as invalid.
2025-11-24 06:14:04,091 INFO [ex]            SheetStub.java:1410 | StepException cause detected in [LOAD, BINARY, SCALE, GRID, HEADERS, STEM_SEEDS, BEAMS, LEDGERS, HEADS, STEMS, REDUCTION, CUE_BEAMS, TEXTS, MEASURES, CHORDS, CURVES, SYMBOLS, LINKS, RHYTHMS, PAGE]
2025-11-24 06:14:04,091 INFO [ex]                 Book.java:2550 | Book{ex} storing
2025-11-24 06:14:04,101 INFO [ex]                 Book.java:2531 | Stored /book.xml
2025-11-24 06:14:04,128 INFO [ex]           DataHolder.java:348  | Stored /sheet#1/BINARY.png
2025-11-24 06:14:04,214 INFO [ex]                Sheet.java:1583 | Stored /sheet#1/sheet#1.xml
2025-11-24 06:14:04,214 INFO [ex]                 Book.java:2491 | Book stored as ./ex.omr
2025-11-24 06:14:04,215 INFO [ex]            SheetStub.java:1660 | Disposed sheet
2025-11-24 06:14:04,234 INFO [ex]                 Book.java:2018 | End of Stub#1 memory: 10,982,192
2025-11-24 06:14:04,235 INFO [ex]                 Book.java:2025 | Book processed.
2025-11-24 06:14:04,235 INFO [ex]                 Book.java:599  | Could not export since transcription did not complete successfully
